<?xml version="1.0" encoding="UTF-8"?>
<!-- Generated by org.testng.reporters.JUnitReportReporter -->
<testsuite skipped="0" hostname="WKWIN6962993" name="runnerFiles.RunTestNGTest" tests="2" failures="0" timestamp="12 Feb 2020 15:48:30 GMT" time="0.168" errors="0">
  <testcase name="runScenario" time="0.003" classname="runnerFiles.RunTestNGTest"/>
  <testcase name="runScenario" time="0.165" classname="runnerFiles.RunTestNGTest"/>
</testsuite> <!-- runnerFiles.RunTestNGTest -->
