<?xml version="1.0" encoding="UTF-8"?>
<!-- Generated by org.testng.reporters.JUnitReportReporter -->
<testsuite skipped="0" hostname="WKWIN6962993" name="runnerFiles.RunTestNGTest" tests="2" failures="0" timestamp="12 Feb 2020 15:50:03 GMT" time="0.161" errors="0">
  <testcase name="runScenario" time="0.001" classname="runnerFiles.RunTestNGTest"/>
  <testcase name="runScenario" time="0.160" classname="runnerFiles.RunTestNGTest"/>
</testsuite> <!-- runnerFiles.RunTestNGTest -->
